0 info it worked if it ends with ok
1 verbose cli [ '/usr/bin/node',
1 verbose cli   '/usr/bin/npm',
1 verbose cli   'uninstall',
1 verbose cli   'karma-mocha-reporter',
1 verbose cli   '--save-dev' ]
2 info using npm@1.4.28
3 info using node@v0.10.33
4 verbose node symlink /usr/bin/node
5 verbose node_modules/karma-mocha-reporter unbuild
6 info preuninstall karma-mocha-reporter@1.0.0
7 info uninstall karma-mocha-reporter@1.0.0
8 verbose true,/home/tdbts/Documents/Hckr/projects/apps/shopScraper/node_modules,/home/tdbts/Documents/Hckr/projects/apps/shopScraper/node_modules unbuild karma-mocha-reporter@1.0.0
9 info postuninstall karma-mocha-reporter@1.0.0
10 error Error: EACCES, unlink '/home/tdbts/Documents/Hckr/projects/apps/shopScraper/node_modules/karma-mocha-reporter/node_modules/chalk/node_modules/.bin/has-ansi'
10 error  { [Error: EACCES, unlink '/home/tdbts/Documents/Hckr/projects/apps/shopScraper/node_modules/karma-mocha-reporter/node_modules/chalk/node_modules/.bin/has-ansi']
10 error   errno: 3,
10 error   code: 'EACCES',
10 error   path: '/home/tdbts/Documents/Hckr/projects/apps/shopScraper/node_modules/karma-mocha-reporter/node_modules/chalk/node_modules/.bin/has-ansi' }
11 error Please try running this command again as root/Administrator.
12 error System Linux 3.13.0-45-generic
13 error command "/usr/bin/node" "/usr/bin/npm" "uninstall" "karma-mocha-reporter" "--save-dev"
14 error cwd /home/tdbts/Documents/Hckr/projects/apps/shopScraper
15 error node -v v0.10.33
16 error npm -v 1.4.28
17 error path /home/tdbts/Documents/Hckr/projects/apps/shopScraper/node_modules/karma-mocha-reporter/node_modules/chalk/node_modules/.bin/has-ansi
18 error code EACCES
19 error errno 3
20 error stack Error: EACCES, unlink '/home/tdbts/Documents/Hckr/projects/apps/shopScraper/node_modules/karma-mocha-reporter/node_modules/chalk/node_modules/.bin/has-ansi'
21 verbose exit [ 3, true ]
